<?xml version="1.0" encoding="UTF-8"?>
<!-- Generated by org.testng.reporters.JUnitXMLReporter -->
<testsuite ignored="0" hostname="LAPTOP-QMBPJIHF" failures="1" tests="4" name="Test" time="101.034" errors="0" timestamp="2021-12-01T22:30:53 IST">
  <testcase classname="FinalDemo.Multiplication" name="ArithmeticOperationsMul" time="15.286"/>
  <testcase classname="FinalDemo.Addition" name="ArithmeticOperationsAdd" time="18.467"/>
  <testcase classname="FinalDemo.Division" name="ArithmeticOperationsDiv" time="25.961">
    <failure type="java.lang.AssertionError" message="expected [ 20] but found [ 2000]">
      <![CDATA[java.lang.AssertionError: expected [ 20] but found [ 2000]
at FinalDemo.Division.ArithmeticOperationsDiv(Division.java:37)
at java.base/java.util.ArrayList.forEach(ArrayList.java:1511)
... Removed 33 stack frames]]>
    </failure>
  </testcase> <!-- ArithmeticOperationsDiv -->
  <testcase classname="FinalDemo.Substraction" name="ArithmeticOperationsSub" time="41.103"/>
</testsuite> <!-- Test -->
